2025-04-18 21:07:43 | Screenshot requested for: user
2025-04-18 21:07:44 | Screenshot requested for: user
2025-04-18 21:08:03 | Screenshot requested for: user
2025-04-18 21:08:24 | Screenshot requested for: user
2025-04-18 21:08:26 | Screenshot requested for: user
2025-04-18 21:09:15 | Screenshot requested for: user
2025-04-18 21:09:17 | Screenshot requested for: user
2025-04-18 21:09:24 | Screenshot requested for: user
2025-04-18 21:09:30 | Screenshot requested for: user
2025-04-18 21:10:03 | Screenshot requested for: user
2025-04-18 21:10:10 | Screenshot requested for: user
2025-04-18 21:10:57 | Screenshot requested for: user
2025-04-18 21:13:53 | Screenshot requested for: user
2025-04-18 21:14:08 | Screenshot requested for: user
2025-04-18 21:14:14 | Screenshot requested for: user
2025-04-18 21:16:47 | Screenshot requested for: fdaf
2025-04-18 21:17:00 | Screenshot requested for: fdaf
2025-04-18 21:23:49 | Screenshot requested for: admin
2025-04-18 21:23:56 | Screenshot requested for: user
2025-04-18 21:24:03 | Screenshot requested for: user
2025-04-18 21:26:08 | Screenshot requested for: user
2025-04-18 21:27:19 | Screenshot requested for: user
2025-04-18 21:32:08 | Screenshot requested for: user
2025-04-18 21:33:07 | Screenshot requested for: user
2025-04-18 21:33:15 | Screenshot requested for: user
2025-04-18 21:34:55 | Screenshot requested for: user
2025-04-18 21:39:19 | Screenshot requested for: user
2025-04-18 21:41:31 | Screenshot requested for: user
2025-04-18 21:43:33 | Screenshot requested for: user
2025-04-18 21:43:37 | Screenshot requested for: user
2025-04-18 21:44:57 | Screenshot requested for: user
2025-04-18 21:47:11 | Screenshot requested for: user
2025-04-18 21:48:35 | Screenshot requested for: user
2025-04-18 21:49:08 | Screenshot requested for: user
2025-04-18 21:51:23 | Screenshot requested for: users
2025-04-18 21:56:55 | Screenshot requested for: dfdfa
2025-04-18 21:59:08 | Screenshot requested for: dfdfa
2025-04-18 21:59:17 | Screenshot requested for: dfdfa
2025-04-18 21:59:24 | Screenshot requested for: dfdfa
2025-04-18 22:01:46 | Screenshot requested for: dfdfa
2025-04-18 22:06:03 | Screenshot requested for: dfdfa
2025-04-18 22:06:31 | Screenshot requested for: dfdfa
2025-04-18 22:07:09 | Screenshot requested for: dfdfa
2025-04-19 10:34:43 | Screenshot requested for: user
2025-04-19 10:36:25 | Screenshot requested for: user
2025-04-19 10:38:17 | Screenshot requested for: user
2025-04-19 10:43:30 | Screenshot requested for: user
2025-04-19 10:53:40 | Screenshot requested for: hello
2025-04-19 10:54:32 | Screenshot requested for: hello
2025-04-19 10:54:44 | Screenshot requested for: login
2025-04-19 10:56:03 | Screenshot requested for: helloworld
2025-04-19 11:39:14 | Screenshot requested for: user
2025-04-19 11:42:50 | Screenshot requested for: user
2025-04-19 11:49:25 | Screenshot requested for: userhello
2025-04-19 11:55:39 | Screenshot requested for: userhello
2025-04-19 12:01:58 | Screenshot requested for: userhelloa
2025-04-19 12:02:41 | Screenshot requested for: userhelloa
2025-04-19 12:04:54 | Screenshot requested for: userhelloa
2025-04-19 12:06:02 | Screenshot requested for: userhelloa
2025-04-19 12:06:04 | Screenshot requested for: userhelloa
2025-04-19 12:06:09 | Screenshot requested for: userhelloa
2025-04-19 12:11:05 | Screenshot requested for: userhello
2025-04-19 12:11:07 | Screenshot requested for: userhelloa
2025-04-19 12:14:44 | Screenshot requested for: dafdas
2025-04-19 12:14:45 | Screenshot requested for: dafdas
2025-04-19 12:17:55 | Screenshot requested for: dafdas
2025-04-19 12:22:32 | Screenshot requested for: dafdas
2025-04-19 12:22:36 | Screenshot requested for: dafdas
2025-04-19 12:48:04 | Screenshot requested for: frge
2025-04-19 12:48:08 | Screenshot requested for: afdsf
2025-04-19 12:48:24 | Screenshot requested for: afdsf
2025-04-19 13:23:35 | Screenshot requested for: fdafs
2025-04-19 13:24:24 | Screenshot requested for: fdafs
2025-04-19 13:24:40 | Screenshot requested for: fdafs
2025-04-19 13:45:20 | Screenshot requested for: dadfds
2025-04-19 14:10:38 | Screenshot requested for: dafsdf
